Analysis & Synthesis report for Menu_on_screen
Thu Dec 26 15:10:01 2019
Quartus Prime Version 17.1.0 Build 590 10/25/2017 SJ Lite Edition


---------------------
; Table of Contents ;
---------------------
  1. Legal Notice
  2. Analysis & Synthesis Summary
  3. Analysis & Synthesis Settings
  4. Parallel Compilation
  5. Analysis & Synthesis Source Files Read
  6. Analysis & Synthesis Resource Usage Summary
  7. Analysis & Synthesis Resource Utilization by Entity
  8. Registers Removed During Synthesis
  9. General Register Statistics
 10. Multiplexer Restructuring Statistics (Restructuring Performed)
 11. Port Connectivity Checks: "value_ROM:value_ROM"
 12. Port Connectivity Checks: "ROM:ROM|chars:chars"
 13. Port Connectivity Checks: "ROM:ROM"
 14. Post-Synthesis Netlist Statistics for Top Partition
 15. Elapsed Time Per Partition
 16. Analysis & Synthesis Messages
 17. Analysis & Synthesis Suppressed Messages



----------------
; Legal Notice ;
----------------
Copyright (C) 2017  Intel Corporation. All rights reserved.
Your use of Intel Corporation's design tools, logic functions 
and other software and tools, and its AMPP partner logic 
functions, and any output files from any of the foregoing 
(including device programming or simulation files), and any 
associated documentation or information are expressly subject 
to the terms and conditions of the Intel Program License 
Subscription Agreement, the Intel Quartus Prime License Agreement,
the Intel FPGA IP License Agreement, or other applicable license
agreement, including, without limitation, that your use is for
the sole purpose of programming logic devices manufactured by
Intel and sold by Intel or its authorized distributors.  Please
refer to the applicable agreement for further details.



+----------------------------------------------------------------------------------+
; Analysis & Synthesis Summary                                                     ;
+------------------------------------+---------------------------------------------+
; Analysis & Synthesis Status        ; Successful - Thu Dec 26 15:10:01 2019       ;
; Quartus Prime Version              ; 17.1.0 Build 590 10/25/2017 SJ Lite Edition ;
; Revision Name                      ; Menu_on_screen                              ;
; Top-level Entity Name              ; vga_TOP                                     ;
; Family                             ; Cyclone IV E                                ;
; Total logic elements               ; 37                                          ;
;     Total combinational functions  ; 37                                          ;
;     Dedicated logic registers      ; 21                                          ;
; Total registers                    ; 21                                          ;
; Total pins                         ; 7                                           ;
; Total virtual pins                 ; 0                                           ;
; Total memory bits                  ; 0                                           ;
; Embedded Multiplier 9-bit elements ; 0                                           ;
; Total PLLs                         ; 0                                           ;
+------------------------------------+---------------------------------------------+


+----------------------------------------------------------------------------------------------------------------------+
; Analysis & Synthesis Settings                                                                                        ;
+----------------------------------------------------------------------------+--------------------+--------------------+
; Option                                                                     ; Setting            ; Default Value      ;
+----------------------------------------------------------------------------+--------------------+--------------------+
; Device                                                                     ; EP4CE22F17C6       ;                    ;
; Top-level entity name                                                      ; vga_TOP            ; Menu_on_screen     ;
; Family name                                                                ; Cyclone IV E       ; Cyclone V          ;
; Use smart compilation                                                      ; Off                ; Off                ;
; Enable parallel Assembler and TimeQuest Timing Analyzer during compilation ; On                 ; On                 ;
; Enable compact report table                                                ; Off                ; Off                ;
; Restructure Multiplexers                                                   ; Auto               ; Auto               ;
; Create Debugging Nodes for IP Cores                                        ; Off                ; Off                ;
; Preserve fewer node names                                                  ; On                 ; On                 ;
; Intel FPGA IP Evaluation Mode                                              ; Enable             ; Enable             ;
; Verilog Version                                                            ; Verilog_2001       ; Verilog_2001       ;
; VHDL Version                                                               ; VHDL_1993          ; VHDL_1993          ;
; State Machine Processing                                                   ; Auto               ; Auto               ;
; Safe State Machine                                                         ; Off                ; Off                ;
; Extract Verilog State Machines                                             ; On                 ; On                 ;
; Extract VHDL State Machines                                                ; On                 ; On                 ;
; Ignore Verilog initial constructs                                          ; Off                ; Off                ;
; Iteration limit for constant Verilog loops                                 ; 5000               ; 5000               ;
; Iteration limit for non-constant Verilog loops                             ; 250                ; 250                ;
; Add Pass-Through Logic to Inferred RAMs                                    ; On                 ; On                 ;
; Infer RAMs from Raw Logic                                                  ; On                 ; On                 ;
; Parallel Synthesis                                                         ; On                 ; On                 ;
; DSP Block Balancing                                                        ; Auto               ; Auto               ;
; NOT Gate Push-Back                                                         ; On                 ; On                 ;
; Power-Up Don't Care                                                        ; On                 ; On                 ;
; Remove Redundant Logic Cells                                               ; Off                ; Off                ;
; Remove Duplicate Registers                                                 ; On                 ; On                 ;
; Ignore CARRY Buffers                                                       ; Off                ; Off                ;
; Ignore CASCADE Buffers                                                     ; Off                ; Off                ;
; Ignore GLOBAL Buffers                                                      ; Off                ; Off                ;
; Ignore ROW GLOBAL Buffers                                                  ; Off                ; Off                ;
; Ignore LCELL Buffers                                                       ; Off                ; Off                ;
; Ignore SOFT Buffers                                                        ; On                 ; On                 ;
; Limit AHDL Integers to 32 Bits                                             ; Off                ; Off                ;
; Optimization Technique                                                     ; Balanced           ; Balanced           ;
; Carry Chain Length                                                         ; 70                 ; 70                 ;
; Auto Carry Chains                                                          ; On                 ; On                 ;
; Auto Open-Drain Pins                                                       ; On                 ; On                 ;
; Perform WYSIWYG Primitive Resynthesis                                      ; Off                ; Off                ;
; Auto ROM Replacement                                                       ; On                 ; On                 ;
; Auto RAM Replacement                                                       ; On                 ; On                 ;
; Auto DSP Block Replacement                                                 ; On                 ; On                 ;
; Auto Shift Register Replacement                                            ; Auto               ; Auto               ;
; Allow Shift Register Merging across Hierarchies                            ; Auto               ; Auto               ;
; Auto Clock Enable Replacement                                              ; On                 ; On                 ;
; Strict RAM Replacement                                                     ; Off                ; Off                ;
; Allow Synchronous Control Signals                                          ; On                 ; On                 ;
; Force Use of Synchronous Clear Signals                                     ; Off                ; Off                ;
; Auto RAM Block Balancing                                                   ; On                 ; On                 ;
; Auto RAM to Logic Cell Conversion                                          ; Off                ; Off                ;
; Auto Resource Sharing                                                      ; Off                ; Off                ;
; Allow Any RAM Size For Recognition                                         ; Off                ; Off                ;
; Allow Any ROM Size For Recognition                                         ; Off                ; Off                ;
; Allow Any Shift Register Size For Recognition                              ; Off                ; Off                ;
; Use LogicLock Constraints during Resource Balancing                        ; On                 ; On                 ;
; Ignore translate_off and synthesis_off directives                          ; Off                ; Off                ;
; Timing-Driven Synthesis                                                    ; On                 ; On                 ;
; Report Parameter Settings                                                  ; On                 ; On                 ;
; Report Source Assignments                                                  ; On                 ; On                 ;
; Report Connectivity Checks                                                 ; On                 ; On                 ;
; Ignore Maximum Fan-Out Assignments                                         ; Off                ; Off                ;
; Synchronization Register Chain Length                                      ; 2                  ; 2                  ;
; Power Optimization During Synthesis                                        ; Normal compilation ; Normal compilation ;
; HDL message level                                                          ; Level2             ; Level2             ;
; Suppress Register Optimization Related Messages                            ; Off                ; Off                ;
; Number of Removed Registers Reported in Synthesis Report                   ; 5000               ; 5000               ;
; Number of Swept Nodes Reported in Synthesis Report                         ; 5000               ; 5000               ;
; Number of Inverted Registers Reported in Synthesis Report                  ; 100                ; 100                ;
; Clock MUX Protection                                                       ; On                 ; On                 ;
; Auto Gated Clock Conversion                                                ; Off                ; Off                ;
; Block Design Naming                                                        ; Auto               ; Auto               ;
; SDC constraint protection                                                  ; Off                ; Off                ;
; Synthesis Effort                                                           ; Auto               ; Auto               ;
; Shift Register Replacement - Allow Asynchronous Clear Signal               ; On                 ; On                 ;
; Pre-Mapping Resynthesis Optimization                                       ; Off                ; Off                ;
; Analysis & Synthesis Message Level                                         ; Medium             ; Medium             ;
; Disable Register Merging Across Hierarchies                                ; Auto               ; Auto               ;
; Resource Aware Inference For Block RAM                                     ; On                 ; On                 ;
+----------------------------------------------------------------------------+--------------------+--------------------+


+------------------------------------------+
; Parallel Compilation                     ;
+----------------------------+-------------+
; Processors                 ; Number      ;
+----------------------------+-------------+
; Number detected on machine ; 6           ;
; Maximum allowed            ; 6           ;
;                            ;             ;
; Average used               ; 1.00        ;
; Maximum used               ; 6           ;
;                            ;             ;
; Usage by Processor         ; % Time Used ;
;     Processor 1            ; 100.0%      ;
;     Processors 2-6         ;   0.0%      ;
+----------------------------+-------------+


+---------------------------------------------------------------------------------------------------------------------------------------------------------+
; Analysis & Synthesis Source Files Read                                                                                                                  ;
+----------------------------------+-----------------+------------------------+-----------------------------------------------------------------+---------+
; File Name with User-Entered Path ; Used in Netlist ; File Type              ; File Name with Absolute Path                                    ; Library ;
+----------------------------------+-----------------+------------------------+-----------------------------------------------------------------+---------+
; VGA_TOP.v                        ; yes             ; User Verilog HDL File  ; C:/Users/Siriy/Desktop/Projects/Menu_on_screen/VGA_TOP.v        ;         ;
; VGA.v                            ; yes             ; User Verilog HDL File  ; C:/Users/Siriy/Desktop/Projects/Menu_on_screen/VGA.v            ;         ;
; Text_on_screen.v                 ; yes             ; User Verilog HDL File  ; C:/Users/Siriy/Desktop/Projects/Menu_on_screen/Text_on_screen.v ;         ;
; In_dec.v                         ; yes             ; User Verilog HDL File  ; C:/Users/Siriy/Desktop/Projects/Menu_on_screen/In_dec.v         ;         ;
; Chars V2.v                       ; yes             ; User Verilog HDL File  ; C:/Users/Siriy/Desktop/Projects/Menu_on_screen/Chars V2.v       ;         ;
+----------------------------------+-----------------+------------------------+-----------------------------------------------------------------+---------+


+---------------------------------------------------------+
; Analysis & Synthesis Resource Usage Summary             ;
+---------------------------------------------+-----------+
; Resource                                    ; Usage     ;
+---------------------------------------------+-----------+
; Estimated Total logic elements              ; 37        ;
;                                             ;           ;
; Total combinational functions               ; 37        ;
; Logic element usage by number of LUT inputs ;           ;
;     -- 4 input functions                    ; 9         ;
;     -- 3 input functions                    ; 5         ;
;     -- <=2 input functions                  ; 23        ;
;                                             ;           ;
; Logic elements by mode                      ;           ;
;     -- normal mode                          ; 19        ;
;     -- arithmetic mode                      ; 18        ;
;                                             ;           ;
; Total registers                             ; 21        ;
;     -- Dedicated logic registers            ; 21        ;
;     -- I/O registers                        ; 0         ;
;                                             ;           ;
; I/O pins                                    ; 7         ;
;                                             ;           ;
; Embedded Multiplier 9-bit elements          ; 0         ;
;                                             ;           ;
; Maximum fan-out node                        ; clk~input ;
; Maximum fan-out                             ; 21        ;
; Total fan-out                               ; 185       ;
; Average fan-out                             ; 2.57      ;
+---------------------------------------------+-----------+


+----------------------------------------------------------------------------------------------------------------------------------------------------------------------------------------------------------+
; Analysis & Synthesis Resource Utilization by Entity                                                                                                                                                      ;
+----------------------------+---------------------+---------------------------+-------------+--------------+---------+-----------+------+--------------+---------------------+-------------+--------------+
; Compilation Hierarchy Node ; Combinational ALUTs ; Dedicated Logic Registers ; Memory Bits ; DSP Elements ; DSP 9x9 ; DSP 18x18 ; Pins ; Virtual Pins ; Full Hierarchy Name ; Entity Name ; Library Name ;
+----------------------------+---------------------+---------------------------+-------------+--------------+---------+-----------+------+--------------+---------------------+-------------+--------------+
; |vga_TOP                   ; 37 (0)              ; 21 (0)                    ; 0           ; 0            ; 0       ; 0         ; 7    ; 0            ; |vga_TOP            ; vga_TOP     ; work         ;
;    |vga:vga|               ; 37 (37)             ; 21 (21)                   ; 0           ; 0            ; 0       ; 0         ; 0    ; 0            ; |vga_TOP|vga:vga    ; vga         ; work         ;
+----------------------------+---------------------+---------------------------+-------------+--------------+---------+-----------+------+--------------+---------------------+-------------+--------------+
Note: For table entries with two numbers listed, the numbers in parentheses indicate the number of resources of the given type used by the specific entity alone. The numbers listed outside of parentheses indicate the total resources of the given type used by the specific entity and all of its sub-entities in the hierarchy.


+--------------------------------------------------------------------------------+
; Registers Removed During Synthesis                                             ;
+---------------------------------------+----------------------------------------+
; Register name                         ; Reason for Removal                     ;
+---------------------------------------+----------------------------------------+
; ROM:ROM|out_bit_R                     ; Stuck at VCC due to stuck port data_in ;
; ROM:ROM|out_bit_G                     ; Stuck at GND due to stuck port data_in ;
; ROM:ROM|out_bit_B                     ; Stuck at VCC due to stuck port data_in ;
; Total Number of Removed Registers = 3 ;                                        ;
+---------------------------------------+----------------------------------------+


+------------------------------------------------------+
; General Register Statistics                          ;
+----------------------------------------------+-------+
; Statistic                                    ; Value ;
+----------------------------------------------+-------+
; Total registers                              ; 21    ;
; Number of registers using Synchronous Clear  ; 20    ;
; Number of registers using Synchronous Load   ; 0     ;
; Number of registers using Asynchronous Clear ; 0     ;
; Number of registers using Asynchronous Load  ; 0     ;
; Number of registers using Clock Enable       ; 20    ;
; Number of registers using Preset             ; 0     ;
+----------------------------------------------+-------+


+------------------------------------------------------------------------------------------------------------------------------------------+
; Multiplexer Restructuring Statistics (Restructuring Performed)                                                                           ;
+--------------------+-----------+---------------+----------------------+------------------------+------------+----------------------------+
; Multiplexer Inputs ; Bus Width ; Baseline Area ; Area if Restructured ; Saving if Restructured ; Registered ; Example Multiplexer Output ;
+--------------------+-----------+---------------+----------------------+------------------------+------------+----------------------------+
; 4:1                ; 10 bits   ; 20 LEs        ; 10 LEs               ; 10 LEs                 ; Yes        ; |vga_TOP|vga:vga|x[9]      ;
; 4:1                ; 10 bits   ; 20 LEs        ; 10 LEs               ; 10 LEs                 ; Yes        ; |vga_TOP|vga:vga|y[9]      ;
+--------------------+-----------+---------------+----------------------+------------------------+------------+----------------------------+


+-------------------------------------------------------------------------------------------------------------------------------------------------------------------------------------+
; Port Connectivity Checks: "value_ROM:value_ROM"                                                                                                                                     ;
+------------+-------+----------+-----------------------------------------------------------------------------------------------------------------------------------------------------+
; Port       ; Type  ; Severity ; Details                                                                                                                                             ;
+------------+-------+----------+-----------------------------------------------------------------------------------------------------------------------------------------------------+
; some_value ; Input ; Warning  ; Input port expression (6 bits) is smaller than the input port (10 bits) it drives.  Extra input bit(s) "some_value[9..6]" will be connected to GND. ;
+------------+-------+----------+-----------------------------------------------------------------------------------------------------------------------------------------------------+


+------------------------------------------------------------------------------------------------------------------+
; Port Connectivity Checks: "ROM:ROM|chars:chars"                                                                  ;
+--------+--------+----------+-------------------------------------------------------------------------------------+
; Port   ; Type   ; Severity ; Details                                                                             ;
+--------+--------+----------+-------------------------------------------------------------------------------------+
; char   ; Input  ; Info     ; Stuck at GND                                                                        ;
; pixels ; Output ; Info     ; Connected to dangling logic. Logic that only feeds a dangling port will be removed. ;
+--------+--------+----------+-------------------------------------------------------------------------------------+


+--------------------------------------------------------------------------------------------------------------------------------------------------------------------------------------------------------------------+
; Port Connectivity Checks: "ROM:ROM"                                                                                                                                                                                ;
+--------------+-------+----------+----------------------------------------------------------------------------------------------------------------------------------------------------------------------------------+
; Port         ; Type  ; Severity ; Details                                                                                                                                                                          ;
+--------------+-------+----------+----------------------------------------------------------------------------------------------------------------------------------------------------------------------------------+
; x0           ; Input ; Warning  ; Input port expression (9 bits) is wider than the input port (1 bits) it drives.  The 8 most-significant bit(s) in the expression will be dangling if they have no other fanouts. ;
; x0[-1]       ; Input ; Info     ; Stuck at GND                                                                                                                                                                     ;
; y0           ; Input ; Warning  ; Input port expression (9 bits) is wider than the input port (1 bits) it drives.  The 8 most-significant bit(s) in the expression will be dangling if they have no other fanouts. ;
; y0[-1]       ; Input ; Info     ; Stuck at GND                                                                                                                                                                     ;
; line[31..29] ; Input ; Info     ; Stuck at VCC                                                                                                                                                                     ;
; line[27..25] ; Input ; Info     ; Stuck at VCC                                                                                                                                                                     ;
; line[23..22] ; Input ; Info     ; Stuck at VCC                                                                                                                                                                     ;
; line[20..19] ; Input ; Info     ; Stuck at VCC                                                                                                                                                                     ;
; line[15..13] ; Input ; Info     ; Stuck at VCC                                                                                                                                                                     ;
; line[11..9]  ; Input ; Info     ; Stuck at VCC                                                                                                                                                                     ;
; line[7..6]   ; Input ; Info     ; Stuck at VCC                                                                                                                                                                     ;
; line[1..0]   ; Input ; Info     ; Stuck at VCC                                                                                                                                                                     ;
; line[5..4]   ; Input ; Info     ; Stuck at GND                                                                                                                                                                     ;
; line[28]     ; Input ; Info     ; Stuck at GND                                                                                                                                                                     ;
; line[24]     ; Input ; Info     ; Stuck at GND                                                                                                                                                                     ;
; line[21]     ; Input ; Info     ; Stuck at GND                                                                                                                                                                     ;
; line[18]     ; Input ; Info     ; Stuck at GND                                                                                                                                                                     ;
; line[17]     ; Input ; Info     ; Stuck at VCC                                                                                                                                                                     ;
; line[16]     ; Input ; Info     ; Stuck at GND                                                                                                                                                                     ;
; line[12]     ; Input ; Info     ; Stuck at GND                                                                                                                                                                     ;
; line[8]      ; Input ; Info     ; Stuck at GND                                                                                                                                                                     ;
; line[3]      ; Input ; Info     ; Stuck at VCC                                                                                                                                                                     ;
; line[2]      ; Input ; Info     ; Stuck at GND                                                                                                                                                                     ;
+--------------+-------+----------+----------------------------------------------------------------------------------------------------------------------------------------------------------------------------------+


+-----------------------------------------------------+
; Post-Synthesis Netlist Statistics for Top Partition ;
+-----------------------+-----------------------------+
; Type                  ; Count                       ;
+-----------------------+-----------------------------+
; boundary_port         ; 7                           ;
; cycloneiii_ff         ; 21                          ;
;     ENA SCLR          ; 20                          ;
;     plain             ; 1                           ;
; cycloneiii_lcell_comb ; 39                          ;
;     arith             ; 18                          ;
;         2 data inputs ; 18                          ;
;     normal            ; 21                          ;
;         0 data inputs ; 2                           ;
;         1 data inputs ; 3                           ;
;         2 data inputs ; 2                           ;
;         3 data inputs ; 5                           ;
;         4 data inputs ; 9                           ;
;                       ;                             ;
; Max LUT depth         ; 3.00                        ;
; Average LUT depth     ; 2.05                        ;
+-----------------------+-----------------------------+


+-------------------------------+
; Elapsed Time Per Partition    ;
+----------------+--------------+
; Partition Name ; Elapsed Time ;
+----------------+--------------+
; Top            ; 00:00:00     ;
+----------------+--------------+


+-------------------------------+
; Analysis & Synthesis Messages ;
+-------------------------------+
Info: *******************************************************************
Info: Running Quartus Prime Analysis & Synthesis
    Info: Version 17.1.0 Build 590 10/25/2017 SJ Lite Edition
    Info: Processing started: Thu Dec 26 15:09:52 2019
Info: Command: quartus_map --read_settings_files=on --write_settings_files=off Menu_on_screen -c Menu_on_screen
Warning (18236): Number of processors has not been specified which may cause overloading on shared machines.  Set the global assignment NUM_PARALLEL_PROCESSORS in your QSF to an appropriate value for best performance.
Info (20030): Parallel compilation is enabled and will use 6 of the 6 processors detected
Info (12021): Found 1 design units, including 1 entities, in source file vga_top.v
    Info (12023): Found entity 1: vga_TOP File: C:/Users/Siriy/Desktop/Projects/Menu_on_screen/VGA_TOP.v Line: 2
Info (12021): Found 1 design units, including 1 entities, in source file vga.v
    Info (12023): Found entity 1: vga File: C:/Users/Siriy/Desktop/Projects/Menu_on_screen/VGA.v Line: 2
Info (12021): Found 1 design units, including 1 entities, in source file text_on_screen.v
    Info (12023): Found entity 1: ROM File: C:/Users/Siriy/Desktop/Projects/Menu_on_screen/Text_on_screen.v Line: 2
Info (12021): Found 1 design units, including 1 entities, in source file in_dec.v
    Info (12023): Found entity 1: value_ROM File: C:/Users/Siriy/Desktop/Projects/Menu_on_screen/In_dec.v Line: 2
Info (12021): Found 1 design units, including 1 entities, in source file chars v2.v
    Info (12023): Found entity 1: chars File: C:/Users/Siriy/Desktop/Projects/Menu_on_screen/Chars V2.v Line: 2
Info (12127): Elaborating entity "vga_TOP" for the top level hierarchy
Warning (10230): Verilog HDL assignment warning at VGA_TOP.v(77): truncated value with size 32 to match size of target (20) File: C:/Users/Siriy/Desktop/Projects/Menu_on_screen/VGA_TOP.v Line: 77
Warning (10230): Verilog HDL assignment warning at VGA_TOP.v(80): truncated value with size 32 to match size of target (6) File: C:/Users/Siriy/Desktop/Projects/Menu_on_screen/VGA_TOP.v Line: 80
Info (12128): Elaborating entity "vga" for hierarchy "vga:vga" File: C:/Users/Siriy/Desktop/Projects/Menu_on_screen/VGA_TOP.v Line: 39
Info (12128): Elaborating entity "ROM" for hierarchy "ROM:ROM" File: C:/Users/Siriy/Desktop/Projects/Menu_on_screen/VGA_TOP.v Line: 55
Warning (10858): Verilog HDL warning at Text_on_screen.v(25): object valid used but never assigned File: C:/Users/Siriy/Desktop/Projects/Menu_on_screen/Text_on_screen.v Line: 25
Warning (10270): Verilog HDL Case Statement warning at Text_on_screen.v(57): incomplete case statement has no default case item File: C:/Users/Siriy/Desktop/Projects/Menu_on_screen/Text_on_screen.v Line: 57
Info (10264): Verilog HDL Case Statement information at Text_on_screen.v(57): all case item expressions in this case statement are onehot File: C:/Users/Siriy/Desktop/Projects/Menu_on_screen/Text_on_screen.v Line: 57
Warning (10240): Verilog HDL Always Construct warning at Text_on_screen.v(57): inferring latch(es) for variable "char", which holds its previous value in one or more paths through the always construct File: C:/Users/Siriy/Desktop/Projects/Menu_on_screen/Text_on_screen.v Line: 57
Warning (10230): Verilog HDL assignment warning at Text_on_screen.v(127): truncated value with size 32 to match size of target (4) File: C:/Users/Siriy/Desktop/Projects/Menu_on_screen/Text_on_screen.v Line: 127
Warning (10030): Net "valid" at Text_on_screen.v(25) has no driver or initial value, using a default initial value '0' File: C:/Users/Siriy/Desktop/Projects/Menu_on_screen/Text_on_screen.v Line: 25
Info (10041): Inferred latch for "char[0]" at Text_on_screen.v(57) File: C:/Users/Siriy/Desktop/Projects/Menu_on_screen/Text_on_screen.v Line: 57
Info (10041): Inferred latch for "char[1]" at Text_on_screen.v(57) File: C:/Users/Siriy/Desktop/Projects/Menu_on_screen/Text_on_screen.v Line: 57
Info (10041): Inferred latch for "char[2]" at Text_on_screen.v(57) File: C:/Users/Siriy/Desktop/Projects/Menu_on_screen/Text_on_screen.v Line: 57
Info (10041): Inferred latch for "char[3]" at Text_on_screen.v(57) File: C:/Users/Siriy/Desktop/Projects/Menu_on_screen/Text_on_screen.v Line: 57
Info (10041): Inferred latch for "char[4]" at Text_on_screen.v(57) File: C:/Users/Siriy/Desktop/Projects/Menu_on_screen/Text_on_screen.v Line: 57
Info (10041): Inferred latch for "char[5]" at Text_on_screen.v(57) File: C:/Users/Siriy/Desktop/Projects/Menu_on_screen/Text_on_screen.v Line: 57
Info (12128): Elaborating entity "chars" for hierarchy "ROM:ROM|chars:chars" File: C:/Users/Siriy/Desktop/Projects/Menu_on_screen/Text_on_screen.v Line: 38
Info (12128): Elaborating entity "value_ROM" for hierarchy "value_ROM:value_ROM" File: C:/Users/Siriy/Desktop/Projects/Menu_on_screen/VGA_TOP.v Line: 62
Warning (10230): Verilog HDL assignment warning at In_dec.v(14): truncated value with size 12 to match size of target (8) File: C:/Users/Siriy/Desktop/Projects/Menu_on_screen/In_dec.v Line: 14
Warning (10230): Verilog HDL assignment warning at In_dec.v(17): truncated value with size 32 to match size of target (4) File: C:/Users/Siriy/Desktop/Projects/Menu_on_screen/In_dec.v Line: 17
Warning (10230): Verilog HDL assignment warning at In_dec.v(18): truncated value with size 32 to match size of target (4) File: C:/Users/Siriy/Desktop/Projects/Menu_on_screen/In_dec.v Line: 18
Warning (10230): Verilog HDL assignment warning at In_dec.v(19): truncated value with size 32 to match size of target (4) File: C:/Users/Siriy/Desktop/Projects/Menu_on_screen/In_dec.v Line: 19
Warning (10272): Verilog HDL Case Statement warning at In_dec.v(44): case item expression covers a value already covered by a previous case item File: C:/Users/Siriy/Desktop/Projects/Menu_on_screen/In_dec.v Line: 44
Warning (10272): Verilog HDL Case Statement warning at In_dec.v(58): case item expression covers a value already covered by a previous case item File: C:/Users/Siriy/Desktop/Projects/Menu_on_screen/In_dec.v Line: 58
Warning (12241): 2 hierarchies have connectivity warnings - see the Connectivity Checks report folder
Warning (13024): Output pins are stuck at VCC or GND
    Warning (13410): Pin "R" is stuck at VCC File: C:/Users/Siriy/Desktop/Projects/Menu_on_screen/VGA_TOP.v Line: 5
    Warning (13410): Pin "G" is stuck at GND File: C:/Users/Siriy/Desktop/Projects/Menu_on_screen/VGA_TOP.v Line: 6
    Warning (13410): Pin "B" is stuck at VCC File: C:/Users/Siriy/Desktop/Projects/Menu_on_screen/VGA_TOP.v Line: 7
Info (286030): Timing-Driven Synthesis is running
Info (144001): Generated suppressed messages file C:/Users/Siriy/Desktop/Projects/Menu_on_screen/output_files/Menu_on_screen.map.smsg
Info (16010): Generating hard_block partition "hard_block:auto_generated_inst"
    Info (16011): Adding 0 node(s), including 0 DDIO, 0 PLL, 0 transceiver and 0 LCELL
Info (21057): Implemented 44 device resources after synthesis - the final resource count might be different
    Info (21058): Implemented 2 input pins
    Info (21059): Implemented 5 output pins
    Info (21061): Implemented 37 logic cells
Info: Quartus Prime Analysis & Synthesis was successful. 0 errors, 19 warnings
    Info: Peak virtual memory: 4786 megabytes
    Info: Processing ended: Thu Dec 26 15:10:01 2019
    Info: Elapsed time: 00:00:09
    Info: Total CPU time (on all processors): 00:00:18


+------------------------------------------+
; Analysis & Synthesis Suppressed Messages ;
+------------------------------------------+
The suppressed messages can be found in C:/Users/Siriy/Desktop/Projects/Menu_on_screen/output_files/Menu_on_screen.map.smsg.


